         w __cxa_begin_cleanup
         w __cxa_call_unexpected
         w __cxa_type_match
         w __deregister_frame_info
         w __gnu_Unwind_Find_exidx
         w __register_frame_info
         w userAppExit
         w userAppInit
00000000 00000802 B __ctru_dev_utf16_buf
00000000 A __sync_synchronize
00000000 b _TLS_MODULE_BASE_
00000000 a shift
00000000 a shift
00000804 00000401 B __ctru_dev_path_buf
00100000 A __start__
00100000 T _start
00100008 T __service_ptr
0010000c T __apt_appid
00100010 T __heap_size
00100014 T __linear_heap_size
00100018 T __system_arglist
0010001c T __system_runflags
00100020 t startup
00100058 t ClearMem
0010006c t ClrLoop
00100094 T _init
001000ac t .udivsi3_skip_div0_test
001000ac T __aeabi_uidiv
001000ac 000001ec T __udivsi3
00100298 00000020 T __aeabi_uidivmod
001002b8 T __aeabi_idiv
001002b8 00000220 T __divsi3
001002c0 t .divsi3_skip_div0_test
001004d8 00000020 T __aeabi_idivmod
001004f8 00000004 W __aeabi_idiv0
001004f8 00000004 W __aeabi_ldiv0
001004fc T __aeabi_drsub
00100504 000002b0 T __aeabi_dsub
00100504 000002b0 T __subdf3
00100508 000002ac T __adddf3
00100508 000002ac T __aeabi_dadd
001007b4 00000024 T __aeabi_ui2d
001007b4 00000024 T __floatunsidf
001007d8 00000028 T __aeabi_i2d
001007d8 00000028 T __floatsidf
00100800 00000048 T __aeabi_f2d
00100800 00000048 T __extendsfdf2
00100848 00000074 T __aeabi_ul2d
00100848 00000074 T __floatundidf
0010085c 00000060 T __aeabi_l2d
0010085c 00000060 T __floatdidf
001008bc T __aeabi_uldivmod
00100908 00000390 T strcmp
00100c90 00000018 T setjmp
00100ca8 0000001c T longjmp
00100cc4 00000014 T __restore_core_regs
00100cc4 00000014 T restore_core_regs
00100cd8 T __gnu_Unwind_Restore_VFP
00100ce0 T __gnu_Unwind_Save_VFP
00100ce8 T __gnu_Unwind_Restore_VFP_D
00100cf0 T __gnu_Unwind_Save_VFP_D
00100cf8 T __gnu_Unwind_Restore_VFP_D_16_to_31
00100d00 T __gnu_Unwind_Save_VFP_D_16_to_31
00100d08 T __gnu_Unwind_Restore_WMMXD
00100d4c T __gnu_Unwind_Save_WMMXD
00100d90 T __gnu_Unwind_Restore_WMMXC
00100da4 T __gnu_Unwind_Save_WMMXC
00100db8 00000024 T ___Unwind_RaiseException
00100db8 00000024 T _Unwind_RaiseException
00100ddc 00000024 T ___Unwind_Resume
00100ddc 00000024 T _Unwind_Resume
00100e00 00000024 T ___Unwind_Resume_or_Rethrow
00100e00 00000024 T _Unwind_Resume_or_Rethrow
00100e24 00000024 T ___Unwind_ForcedUnwind
00100e24 00000024 T _Unwind_ForcedUnwind
00100e48 00000024 T ___Unwind_Backtrace
00100e48 00000024 T _Unwind_Backtrace
00100e6c t __do_global_dtors_aux
00100ebc t frame_dummy
00100ee8 00000090 t parse_nmea_coord
00100f78 00000334 T gps_init
001012ac 0000007c T gps_cleanup
00101328 000002d4 T gps_update
001015fc 00000010 T gps_has_fix
0010160c 00000034 T gps_get_position
00101640 00000028 T gps_is_connected
00101668 00000728 t open_address_search
00101d90 00000034 T init_graphics
00101dc8 0000013c T pan_map
00101f04 00000084 T handle_touch_input
00101f88 000002f0 T update_input
00102278 000001b8 T render_map
00102430 00000388 T main
001027b8 0000005c t free_cached_tile
00102814 00000040 T map_tiles_init
00102854 00000080 T map_tiles_cleanup
001028d4 0000007c T map_tiles_clear_cache
00102950 000000a8 T lat_lon_to_tile
001029f8 000000d0 T lat_lon_to_pixel
00102ac8 00000890 T map_tiles_render
00103358 00000010 T network_set_disk_cache_enabled
00103368 00000010 T network_get_disk_cache_enabled
00103378 000000cc T network_init
00103444 0000002c T network_cleanup
00103470 00000260 T download_url
001036d0 00000380 T download_tile
00103a50 0000004c T is_connected
00103a9c 0000005c t png_read_from_memory
00103af8 00000454 T decode_png
00103f4c 0000000c T free_png_data
00103f58 00000040 t png_fp_sub
00103f98 0000006c T png_zalloc
00104004 00000004 T png_zfree
00104008 000001ac t png_build_16bit_table
001041b4 000004d0 t png_free_data.part.0
00104688 000000b0 t png_muldiv.part.0
00104738 00000070 t png_gamma_8bit_correct.part.0
001047a8 00000088 t png_build_8bit_table
00104830 00000068 t png_gamma_16bit_correct.part.0
00104898 000001a4 t png_icc_profile_error.isra.0
00104a3c 0000004c T png_sig_cmp
00104a88 00000020 T png_reset_crc
00104aa8 00000060 T png_calculate_crc
00104b08 00000104 T png_user_version_check
00104c0c 00000118 T png_create_png_struct
00104d24 00000048 T png_create_info_struct
00104d6c 00000060 T png_destroy_info_struct
00104dcc 00000010 T png_free_data
00104ddc 0000000c T png_get_io_ptr
00104de8 000000b0 T png_handle_as_unknown
00104e98 00000028 T png_chunk_unknown_handling
00104ec0 000000cc T png_zstream_error
00104f8c 00000048 T png_icc_check_length
00104fd4 00000360 T png_icc_check_header
00105334 000000b8 T png_icc_check_tag_table
001053ec 00000390 T png_check_IHDR
0010577c 0000015c T png_check_fp_number
001058d8 0000005c T png_check_fp_string
00105938 000000c0 T png_muldiv
001059f8 00000078 T png_reciprocal
00105a70 000004b0 T png_XYZ_from_xy
00105f20 00000250 T png_set_rgb_coefficients
00106170 00000020 T png_gamma_significant
00106190 000000a0 T png_reciprocal2
00106230 00000018 T png_gamma_8bit_correct
00106248 0000005c T png_gamma_correct
001062a4 00000134 T png_destroy_gamma_table
001063d8 00000458 T png_build_gamma_table
00106830 000000e4 t png_format_buffer.isra.0
00106914 00000074 T png_safecat
00106988 000002a0 T png_format_number
00106c28 00000090 T png_warning
00106cb8 0000006c T png_chunk_warning
00106d24 00000094 T png_free_jmpbuf
00106db8 0000002c T png_longjmp
00106de4 00000050 t png_default_error
00106e34 0000002c T png_error
00106e60 00000018 T png_app_warning
00106e78 00000018 T png_app_error
00106e90 000000c4 T png_set_longjmp_fn
00106f54 0000002c T png_chunk_error
00106f80 00000018 T png_chunk_benign_error
00106f98 00000070 T png_benign_error
00107008 00000078 T png_chunk_report
00107080 00000010 T png_set_error_fn
00107090 00000040 T png_get_valid
001070d0 00000018 T png_get_image_width
001070e8 00000018 T png_get_image_height
00107100 00000018 T png_get_bit_depth
00107118 00000018 T png_get_color_type
00107130 00000064 T png_destroy_png_struct
00107194 0000007c T png_calloc
00107210 00000024 T png_malloc_base
00107234 00000064 T png_malloc_array
00107298 0000011c T png_realloc_array
001073b4 00000054 T png_malloc
00107408 0000006c T png_malloc_warn
00107474 00000024 T png_free
00107498 00000014 T png_set_mem_fn
001074ac 0000015c t png_read_info.part.0
00107608 000001d8 t png_read_end.part.0
001077e0 00000058 T png_create_read_struct
00107838 00000010 T png_read_info
00107848 00000044 T png_read_update_info
0010788c 00000440 T png_read_row
00107ccc 000000d4 T png_read_image
00107da0 0000000c T png_read_end
00107dac 0000016c T png_destroy_read_struct
00107f18 0000003c T png_default_read_data
00107f54 00000020 T png_read_data
00107f74 0000006c T png_set_read_fn
00107fe0 0000020c t png_do_gray_to_rgb
001081ec 000005ec t png_do_expand
001087d8 00000038 T png_set_strip_16
00108810 0000003c T png_set_palette_to_rgb
0010884c 00000038 T png_set_expand_gray_1_2_4_to_8
00108884 0000003c T png_set_tRNS_to_alpha
001088c0 00000038 T png_set_gray_to_rgb
001088f8 00000ecc T png_init_read_transformations
001097c4 000002c8 T png_read_transform_info
00109a8c 00002e34 T png_do_read_transformations
0010c8c0 0000003c t png_read_filter_row_sub
0010c8fc 00000030 t png_read_filter_row_up
0010c92c 00000084 t png_read_filter_row_avg
0010c9b0 00000088 t png_read_filter_row_paeth_1byte_pixel
0010ca38 000000d0 t png_read_filter_row_paeth_multibyte_pixel
0010cb08 000000ac t png_read_buffer
0010cbb4 000000fc t png_inflate_claim
0010ccb0 00000190 t png_inflate.constprop.0
0010ce40 00000200 t png_decompress_chunk.constprop.0
0010d040 0000019c t png_crc_finish_critical
0010d1dc 00000054 t png_handle_IEND
0010d230 0000028c t png_handle_PLTE
0010d4bc 000000d8 t png_handle_hIST
0010d594 00000164 t png_inflate_read.constprop.0.isra.0
0010d6f8 00000090 t png_handle_tIME
0010d788 00000078 t png_handle_cICP
0010d800 000000b0 t png_handle_sRGB
0010d8b0 000000a0 t png_handle_gAMA
0010d950 00000070 t png_handle_cLLI
0010d9c0 00000078 t png_handle_pHYs
0010da38 0000013c t png_handle_IHDR
0010db74 000000d8 t png_handle_eXIf
0010dc4c 000000a4 t png_handle_oFFs
0010dcf0 00000174 t png_handle_tEXt
0010de64 00000144 t png_handle_sBIT
0010dfa8 0000013c t png_handle_mDCV
0010e0e4 00000214 t png_handle_zTXt
0010e2f8 000001c0 t png_handle_sCAL
0010e4b8 0000016c t png_handle_cHRM
0010e624 00000310 t png_handle_iTXt
0010e934 000002f4 t png_handle_sPLT
0010ec28 000002ac t png_handle_pCAL
0010eed4 0000021c t png_handle_bKGD
0010f0f0 000000fc t png_cache_unknown_chunk
0010f1ec 0000044c t png_handle_iCCP
0010f638 000001fc t png_handle_tRNS
0010f834 000000c4 T png_read_sig
0010f8f8 000000fc T png_read_chunk_header
0010f9f4 00000008 T png_crc_finish
0010f9fc 00000208 T png_handle_unknown
0010fc04 000005a4 T png_handle_chunk
001101a8 000004e0 T png_combine_row
00110688 00000408 T png_do_read_interlace
00110a90 0000008c T png_read_filter_row
00110b1c 000002c0 T png_read_IDAT_data
00110ddc 000000a0 T png_read_finish_IDAT
00110e7c 0000012c T png_read_finish_row
00110fa8 0000048c T png_read_start_row
00111434 00000074 t check_location
001114a8 00000048 T png_set_bKGD
001114f0 00000054 T png_set_cHRM_fixed
00111544 00000050 T png_set_cICP
00111594 0000003c T png_set_cLLI_fixed
001115d0 00000148 T png_set_mDCV_fixed
00111718 0000009c T png_set_eXIf_1
001117b4 0000001c T png_set_gAMA_fixed
001117d0 000000ac T png_set_hIST
0011187c 000000e8 T png_set_IHDR
00111964 0000002c T png_set_oFFs
00111990 00000288 T png_set_pCAL
00111c18 00000174 T png_set_sCAL_s
00111d8c 0000002c T png_set_pHYs
00111db8 0000013c T png_set_PLTE
00111ef4 00000040 T png_set_sBIT
00111f34 0000001c T png_set_sRGB
00111f50 00000350 T png_set_text_2
001122a0 000000a4 T png_set_tIME
00112344 000001d4 T png_set_tRNS
00112518 00000180 T png_set_sPLT
00112698 00000138 T png_set_unknown_chunks
001127d0 00000030 T png_set_interlace_handling
00112800 000000d0 T png_set_add_alpha
001128d0 00000140 T png_do_invert
00112a10 0000004c T png_do_swap
00112a5c 0000006c T png_do_packswap
00112ac8 00000250 T png_do_strip_channel
00112d18 00000110 T png_do_bgr
00112e28 00000180 T png_do_check_palette_indexes
00112fa8 000003ac T crc32_z
00113354 00000004 T crc32
00113358 0000011c t updatewindow
00113474 0000005c t inflateStateCheck
001134d0 0000009c T inflateResetKeep
0011356c 00000068 T inflateReset
001135d4 000000bc T inflateReset2
00113690 000000ec T inflateInit2_
0011377c 000018ec T inflate
00115068 0000005c T inflateEnd
001150c4 00000554 T inflate_table
00115618 00000008 T zcalloc
00115620 00000008 T zcfree
00115628 00000364 T adler32_z
0011598c 00000004 T adler32
00115990 000005d8 T inflate_fast
00115f68 00000044 t C2Di_FrameEndHook
00115fb0 0000036c T C2D_Init
0011631c 0000004c T C2D_Fini
00116368 000000b8 T C2D_Prepare
00116420 00000048 T C2D_Flush
00116468 00000104 T C2D_SceneSize
0011656c 00000058 T C2D_CreateScreenTarget
001165c4 00000064 T C2D_TargetClear
00116628 0000013c T C2Di_CalcQuad
00116764 00000058 T C2Di_AppendQuad
001167bc 00000550 T C2Di_Update
00116d0c 000002b0 T C2D_DrawImage
00116fbc 00000158 T C2D_DrawRectangle
00117114 00000028 T AttrInfo_Init
0011713c 00000094 T AttrInfo_AddLoader
001171d0 00000054 T C3D_SetAttrInfo
00117224 00000080 T C3Di_AttrInfoBind
001172a4 00000004 W C3Di_LightEnvUpdate
001172a8 00000004 W C3Di_LightEnvDirty
001172ac 000000b4 t C3Di_AptEventHook
00117360 00000004 W C3Di_GasUpdate
00117364 000001d0 T C3D_Init
00117534 00000098 T C3D_SetViewport
001175cc 000004e8 T C3Di_UpdateContext
00117ab4 000000e0 T C3Di_SplitFrame
00117b94 00000044 T C3D_Fini
00117bd8 00000194 T C3D_BindProgram
00117d6c 00000024 T BufInfo_Init
00117d90 00000080 T BufInfo_Add
00117e10 0000003c T C3D_SetBufInfo
00117e4c 00000048 T C3Di_BufInfoBind
00117e94 0000021c T C3D_DrawElements
001180b0 00000040 T C3D_DepthMap
001180f0 0000001c T C3D_CullFace
0011810c 00000040 T C3D_StencilTest
0011814c 00000024 T C3D_StencilOp
00118170 0000001c T C3D_BlendingColor
0011818c 00000024 T C3D_EarlyDepthTest
001181b0 0000002c T C3D_DepthTest
001181dc 0000002c T C3D_AlphaTest
00118208 00000050 T C3D_AlphaBlend
00118258 00000030 T C3D_FragOpMode
00118288 00000044 T C3D_FragOpShadow
001182cc 000001ac T C3Di_EffectBind
00118478 0000001c T C3D_CalcColorBufSize
00118494 0000001c T C3D_CalcDepthBufSize
001184b0 00000044 T C3D_SetFrameBuf
001184f4 0000016c T C3Di_FrameBufBind
00118660 000000c8 T C3D_FrameBufClear
00118728 00000044 T C3D_FrameBufTransfer
0011876c 000000a8 T C3D_ImmSendAttrib
00118814 00000070 T C3D_ProcTexInit
00118884 00000054 T C3D_ProcTexBind
001188d8 0000005c T C3D_ProcTexLutBind
00118934 000000a4 T ProcTexLut_FromArray
001189d8 00000178 T C3Di_ProcTexUpdate
00118b50 00000068 T C3Di_ProcTexDirty
00118bb8 0000004c t onVBlank0
00118c04 0000004c t onVBlank1
00118c50 00000080 t C3Di_RenderTargetDestroy
00118cd0 000000f4 t onQueueFinish
00118dc4 00000038 T C3Di_RenderQueueEnableVBlank
00118dfc 00000030 T C3Di_RenderQueueDisableVBlank
00118e2c 00000060 T C3Di_RenderQueueInit
00118e8c 000000b4 T C3Di_RenderQueueExit
00118f40 00000034 T C3Di_RenderQueueWaitDone
00118f74 000000e8 T C3D_FrameBegin
0011905c 00000048 T C3D_FrameDrawOn
001190a4 00000058 T C3D_FrameSplit
001190fc 000001d0 T C3D_FrameEnd
001192cc 0000001c T C3D_FrameEndHook
001192e8 00000170 T C3D_RenderTargetCreate
00119458 000000a8 T C3D_RenderTargetSetOutput
00119500 000000fc T C3D_SyncTextureCopy
001195fc 00000034 T C3D_GetTexEnv
00119630 00000024 T C3Di_TexEnvBind
00119654 00000290 T C3D_TexInitWithParams
001198e4 000000c8 T C3D_TexLoadImage
001199ac 00000044 T C3D_TexBind
001199f0 00000074 T C3D_TexDelete
00119a64 0000014c T C3Di_SetTex
00119bb0 00000290 T C3D_UpdateUniforms
00119e40 000000c0 T C3Di_DirtyUniforms
00119f00 000000d8 T C3Di_LoadShaderUniforms
00119fd8 00000028 T C3Di_ClearShaderUniforms
0011a000 000000cc T Mtx_Ortho
0011a0cc 000000cc T Mtx_OrthoTilt
0011a198 00000024 t addrMapNodeComparator(rbtree_node const*, rbtree_node const*)
0011a1bc 00000004 t addrMapNodeDestructor(rbtree_node*)
0011a1c0 0000012c T linearMemAlign
0011a2ec 00000008 T linearAlloc
0011a2f4 0000005c T linearFree
0011a350 00000088 T MemPool::CoalesceRight(MemBlock*)
0011a3d8 00000178 T MemPool::Allocate(MemChunk&, unsigned long, int)
0011a550 00000118 T MemPool::Deallocate(MemChunk const&)
0011a668 00000030 T MemPool::GetFreeSpace()
0011a698 00000024 t addrMapNodeComparator(rbtree_node const*, rbtree_node const*)
0011a6bc 00000004 t addrMapNodeDestructor(rbtree_node*)
0011a6c0 00000248 T vramMemAlignAt
0011a908 0000000c T vramAlloc
0011a914 0000000c T vramAllocAt
0011a920 00000094 T vramFree
0011a9b4 000001c8 T consoleDrawChar
0011ab7c 00000170 T consolePrintChar
0011acec 00000c40 T con_write
0011b92c 00000110 t newRow
0011ba3c 00000180 T consoleInit
0011bbbc 000000b8 T consoleClear
0011bc74 000000cc t gfxPresentFramebuffer
0011bd40 0000001c T gfxIsWide
0011bd5c 000000f8 T gfxSetScreenFormat
0011be54 00000010 T gfxSetDoubleBuffering
0011be64 000000d8 T gfxInit
0011bf3c 00000010 T gfxInitDefault
0011bf4c 000000b8 T gfxExit
0011c004 000000a0 T gfxGetFramebuffer
0011c0a4 00000100 T gfxFlushBuffers
0011c1a4 00000028 T gfxScreenSwapBuffers
0011c1cc 00000050 T gfxSwapBuffersGpu
0011c21c 00000074 T osConvertVirtToPhys
0011c290 00000034 T __ctru_speedup_config
0011c2c4 0000013c T GPUCMD_Add
0011c400 000000b0 T GPUCMD_Split
0011c4b0 00000034 T f32tof16
0011c4e4 00000034 T f32tof24
0011c518 00000038 T f32tof31
0011c550 00000010 T GX_BindQueue
0011c560 0000007c T GX_ProcessCommandList
0011c5dc 00000074 T GX_MemoryFill
0011c650 00000074 T GX_DisplayTransfer
0011c6c4 00000078 T GX_TextureCopy
0011c73c 00000064 t gxCmdQueueDoCommands.part.0
0011c7a0 000000e4 T gxCmdQueueInterrupt
0011c884 00000068 T gxCmdQueueClear
0011c8ec 00000108 T gxCmdQueueAdd
0011c9f4 00000080 T gxCmdQueueRun
0011ca74 00000064 T gxCmdQueueStop
0011cad8 0000008c T gxCmdQueueWait
0011cb64 000001e0 T shaderInstanceInit
0011cd44 00000018 T shaderInstanceGetUniformLocation
0011cd5c 0000001c T shaderProgramInit
0011cd78 00000074 T shaderProgramFree
0011cdec 00000094 T shaderProgramSetVsh
0011ce80 000008d0 T shaderProgramConfigure
0011d750 000001dc t DVLE_GenerateOutmap.part.0
0011d92c 000001ac T DVLB_ParseFile
0011dad8 00000050 T DVLB_Free
0011db28 00000074 T DVLE_GetUniformRegister
0011db9c 00000090 T acInit
0011dc2c 0000003c T acExit
0011dc68 00000038 T ACU_GetWifiStatus
0011dca0 00000180 t aptConvertScreenForCapture
0011de20 00000008 W aptDspSleep
0011de28 00000004 W aptDspWakeup
0011de2c 00000004 W aptDspCancel
0011de30 00000138 T aptSendCommand
0011df68 00000044 t aptExitProcess
0011dfac 00000394 T aptExit
0011e340 000000d8 T aptHandleSleep
0011e418 00000034 T aptHook
0011e44c 00000030 T aptUnhook
0011e47c 0000001c T aptSetMessageCallback
0011e498 00000084 T APT_SleepIfShellClosed
0011e51c 00000078 T aptSetSleepAllowed
0011e594 00000084 T APT_UnlockTransition
0011e618 00000470 t aptEventHandler
0011ea88 000000bc T APT_ReceiveParameter
0011eb44 000000b0 t aptReceiveParameter.constprop.0
0011ebf8 00000294 t aptScreenTransfer
0011ee8c 000002d0 t aptWaitForWakeUp.isra.0
0011f15c 00000114 T aptLaunchLibraryApplet
0011f270 000000f4 T aptJumpToHomeMenu
0011f364 00000058 T aptMainLoop
0011f3bc 00000240 T aptInit
0011f5fc 0000005c T APT_SendParameter
0011f658 00000090 T APT_CheckNew3DS
0011f6e8 000000a8 T cfguInit
0011f790 0000003c T cfguExit
0011f7cc 00000c70 t gspHardwareInit
0012043c 00000280 T gspInit
001206bc 00000110 T gspExit
001207cc 00000010 T gspHasGpuRight
001207dc 000000a4 T gspPresentBuffer
00120880 00000030 T gspSetEventCallback
001208b0 00000050 T gspWaitForEvent
00120900 0000004c T gspWaitForAnyEvent
0012094c 00000154 t gspEventThreadMain
00120aa0 0000012c T gspSubmitGxCommand
00120bcc 00000050 T GSPGPU_FlushDataCache
00120c1c 00000034 T GSPGPU_SetLcdForceBlack
00120c50 00000080 T GSPGPU_AcquireRight
00120cd0 0000005c T GSPGPU_ReleaseRight
00120d2c 0000007c T GSPGPU_ImportDisplayCaptureInfo
00120da8 0000002c T GSPGPU_SaveVramSysArea
00120dd4 0000002c T GSPGPU_RestoreVramSysArea
00120e00 00000024 W hidShouldUseIrrst
00120e24 000001cc T hidInit
00120ff0 000000e8 T hidExit
001210d8 000002a0 T hidScanInput
00121378 00000010 T hidKeysHeld
00121388 00000010 T hidKeysDown
00121398 00000018 T hidTouchRead
001213b0 000001dc T httpcInit
0012158c 000000bc T httpcExit
00121648 00000170 T httpcOpenContext
001217b8 00000040 T httpcCloseContext
001217f8 00000134 T httpcDownloadData
0012192c 0000008c T httpcAddRequestHeaderField
001219b8 00000030 T httpcBeginRequest
001219e8 00000064 T httpcGetDownloadSizeState
00121a4c 0000003c T httpcGetResponseStatusCode
00121a88 000001a4 T irrstInit
00121c2c 000000dc T irrstExit
00121d08 000000b4 T irrstScanInput
00121dbc 00000024 T irrstKeysHeld
00121de0 00000078 T ptmSysmInit
00121e58 0000003c T ptmSysmExit
00121e94 00000034 T PTMSYSM_ConfigureNew3DSCPU
00121ec8 00000174 T connect
0012203c 0000015c T fcntl
00122198 00000138 T getsockopt
001222d0 000001a8 T inet_aton
00122478 00000014 t soc_open
0012248c 00000034 t soc_read
001224c0 00000034 t soc_write
001224f4 000000b0 t soc_close
001225a4 00000190 T socInit
00122734 00000088 T socExit
001227bc 00000020 T recv
001227dc 00000148 T socuipc_cmd7
00122924 00000168 T socuipc_cmd8
00122a8c 00000010 T soc_recvfrom
00122a9c 000000a4 T recvfrom
00122b40 000008d0 T select
00123410 0000015c T socuipc_cmd9
0012356c 00000160 T socuipc_cmda
001236cc 00000010 T soc_sendto
001236dc 0000016c T socket
00123848 00000190 t swkbdMessageCallback
001239d8 00000084 T swkbdInit
00123a5c 00000040 T swkbdSetFeatures
00123a9c 00000064 T swkbdSetHintText
00123b00 000003a8 T swkbdInputText
00123ea8 00000074 T rbtree_find
00123f1c 00000010 T rbtree_init
00123f2c 00000198 t do_insert
001240c4 00000008 T rbtree_insert
001240cc 00000310 T rbtree_remove
001243dc 00000090 T rbtree_rotate
0012446c 000000e8 T utf16_to_utf8
00124554 000000c0 T utf8_to_utf16
00124618 000001e8 W __system_allocateHeaps
00124800 00000038 W __libctru_init
00124838 0000016c W __system_initArgv
001249a4 00000030 T __syscall_getreent
001249d4 00000004 T __syscall_lock_acquire
001249d8 00000004 T __syscall_lock_release
001249dc 00000004 T __syscall_lock_acquire_recursive
001249e0 00000004 T __syscall_lock_release_recursive
001249e4 00000004 T __syscall_exit
001249e8 00000054 T initThreadVars
00124a3c 00000080 T __system_initSyscalls
00124abc T svcControlMemory
00124adc T svcQueryMemory
00124b0c T svcExitProcess
00124b14 T svcCreateThread
00124b34 T svcExitThread
00124b3c T svcSleepThread
00124b44 T svcReleaseMutex
00124b4c T svcCreateEvent
00124b60 T svcSignalEvent
00124b68 T svcClearEvent
00124b70 T svcCreateMemoryBlock
00124b88 T svcMapMemoryBlock
00124b90 T svcUnmapMemoryBlock
00124b98 T svcCreateAddressArbiter
00124bac T svcArbitrateAddressNoTimeout
00124bb4 T svcCloseHandle
00124bbc T svcWaitSynchronization
00124bc4 T svcWaitSynchronizationN
00124bec T svcDuplicateHandle
00124c00 T svcGetSystemTick
00124c08 T svcConnectToPort
00124c1c T svcSendSyncRequest
00124c24 T svcGetResourceLimit
00124c38 T svcGetResourceLimitLimitValues
00124c40 T svcGetResourceLimitCurrentValues
00124c48 T svcBreak
00124c50 W initSystem
00124ca0 W __ctru_exit
00124cb4 0000008c W envGetHandle
00124d40 00000050 W envDestroyHandles
00124d90 00000164 T srvInit
00124ef4 00000064 T srvExit
00124f58 00000060 T srvEnableNotification
00124fb8 000000a0 T srvGetServiceHandleDirect
00125058 00000048 T srvGetServiceHandle
001250a0 00000034 T srvSubscribe
001250d4 00000060 T srvReceiveNotification
00125134 00000038 T srvPublishToSubscriber
0012516c 0000000c T __sync_init
00125178 00000018 T __sync_fini
00125190 00000028 T syncArbitrateAddress
001251b8 000000ac T LightLock_Lock
00125264 00000040 T LightLock_Unlock
001252a4 00000054 T RecursiveLock_Lock
001252f8 00000054 T RecursiveLock_Unlock
0012534c 00000044 T LightEvent_Init
00125390 000000b8 T LightEvent_Clear
00125448 000000dc T LightEvent_Signal
00125524 00000050 T LightEvent_TryWait
00125574 000000ac T LightEvent_Wait
00125620 000001fc T threadCreate
0012581c 00000038 T threadFree
00125854 00000024 T threadJoin
00125878 00000030 T threadGetCurrent
001258a8 00000040 T threadExit
001258e8 00000020 t _thread_begin
00125908 00000090 t mappableFindAddressWithin
00125998 00000028 T mappableInit
001259c0 0000007c T mappableAlloc
00125a3c 00000004 T mappableFree
00125a40 0000000c T srvPmGetSessionHandle
00125a4c 0000003c T _net_convert_error
00125a88 00000220 T poll
00125ca8 00000060 T rbtree_node_next
00125d08 00000054 T decode_utf16
00125d5c 00000140 T decode_utf8
00125e9c 00000054 T encode_utf16
00125ef0 000000e0 T encode_utf8
00125fd0 00000030 W __appExit
00126000 00000030 W __appInit
00126030 00000090 W __libctru_exit
001260c0 00000014 t archive_link
001260d4 00000014 t archive_dirreset
001260e8 00000014 t archive_chmod
001260fc 00000024 t error_cmp
00126120 00000050 t archive_translate_error
00126170 000000c0 t archive_seek
00126230 00000078 t _archiveInit.part.0
001262a8 000000d4 t archiveFindDevice.part.0
0012637c 00000298 t archive_utf16path
00126614 00000098 t _archiveUnmountDeviceStruct.part.0
001266ac 00000014 t archive_statvfs
001266c0 00000014 t archive_fchmod
001266d4 00000178 t _archiveMountDevice
0012684c 000000f8 t archive_diropen
00126944 000000ac t archive_fstat
001269f0 00000074 t archive_fsync
00126a64 00000074 t archive_close
00126ad8 00000078 t archive_dirclose
00126b50 000000ec t sdmc_statvfs
00126c3c 000000f8 t archive_chdir
00126d34 0000008c t archive_ftruncate
00126dc0 000000bc t archive_read
00126e7c 000000a8 t archive_unlink
00126f24 000000c0 t archive_rmdir
00126fe4 000000d8 t archive_mkdir
001270bc 000001a0 t archive_stat
0012725c 00000164 t archive_dirnext
001273c0 0000013c t archive_write
00127500 00000254 t archive_open
00127754 00000270 t archive_rename
001279c4 000001c8 T archiveMountSdmc
00127b8c 00000054 T archiveUnmountAll
00127be0 00000104 T fsInit
00127ce4 0000003c T fsExit
00127d20 00000068 T fsExemptFromSession
00127d88 00000050 T fsUnexemptFromSession
00127dd8 000000cc T FSUSER_OpenFile
00127ea4 000000b8 T FSUSER_DeleteFile
00127f5c 000000f4 T FSUSER_RenameFile
00128050 000000b8 T FSUSER_DeleteDirectory
00128108 000000d0 T FSUSER_CreateFile
001281d8 000000c0 T FSUSER_CreateDirectory
00128298 000000f4 T FSUSER_RenameDirectory
0012838c 000000b4 T FSUSER_OpenDirectory
00128440 00000090 T FSUSER_OpenArchive
001284d0 0000008c T FSUSER_CloseArchive
0012855c 00000074 T FSUSER_GetSdmcArchiveResource
001285d0 00000064 T FSUSER_IsSdmcWritable
00128634 00000064 T FSFILE_Read
00128698 0000006c T FSFILE_Write
00128704 00000044 T FSFILE_GetSize
00128748 00000028 T FSFILE_SetSize
00128770 0000003c T FSFILE_Close
001287ac 00000024 T FSFILE_Flush
001287d0 00000060 T FSDIR_Read
00128830 0000003c T FSDIR_Close
0012886c T __aeabi_read_tp
00128878 00000264 T sinf
00128ae0 00000740 T pow
00129220 00000024 t with_errnof
00129244 0000001c T __math_invalidf
00129260 00000088 T frexp
001292e8 0000014c T asinh
00129438 00000144 T floor
00129580 0000025c T cosf
001297e0 00000078 T tan
00129858 00000258 T log
00129ab0 00000014 T fabs
00129ac4 00000024 t with_errno
00129ae8 00000028 t xflow
00129b10 00000010 T __math_uflow
00129b20 00000010 T __math_oflow
00129b30 00000048 T __math_divzero
00129b78 0000001c T __math_invalid
00129b94 00000014 T __math_check_uflow
00129ba8 00000028 T __math_check_oflow
00129bd0 00000290 T __kernel_tan
00129e60 00000310 T __ieee754_rem_pio2
0012a170 000008b0 T __kernel_rem_pio2
0012aa20 00000140 T scalbn
0012ab60 00000314 T log1p
0012ae74 00000008 T __ieee754_sqrt
0012ae7c 0000002c T __aeabi_d2lz
0012ae7c 0000002c T __fixdfdi
0012aea8 00000040 T __aeabi_d2ulz
0012aea8 00000040 T __fixunsdfdi
0012aee8 00000130 T __udivmoddi4
0012b018 000000d8 T strncmp
0012b0f0 00000140 T strchr
0012b230 00000144 T _fclose_r
0012b374 00000020 T fclose
0012b394 0000003c T fprintf
0012b3d0 00000008 T atof
0012b3d8 00000060 t sulp
0012b438 00001428 T _strtod_l
0012c860 00000048 T strtod
0012c8a8 00000104 T _fwrite_r
0012c9ac 00000038 T fwrite
0012c9e4 0000008c T strlen
0012ca70 000000f4 t rshift
0012cb64 000008b4 T __gethex
0012d418 000000d8 T memcmp
0012d4f0 0000001c t stdio_exit_handler
0012d50c 0000005c t cleanup_stdio
0012d568 00000154 t global_stdio_init.part.0
0012d6bc 00000138 T __sfp
0012d7f4 0000005c T __sinit
0012d850 0000000c T __sfp_lock_acquire
0012d85c 0000000c T __sfp_lock_release
0012d868 000001ec t _strtoul_l.isra.0
0012da54 0000003c T strtoul
0012da90 00000084 T __libc_init_array
0012db14 0000009c T strncat
0012dbb0 00000070 T _fwalk_sglue
0012dc20 00000078 T bsearch
0012dc98 0000000c T __errno
0012dca4 00000028 T calloc
0012dccc 00000014 T abort
0012dce0 000000e0 T _puts_r
0012ddc0 00000020 T puts
0012dde0 000005e0 t get_arg
0012e3c0 00003554 T _vfprintf_r
00131914 000000b4 t __sbprintf
001319c8 000000d8 T _calloc_r
00131aa0 00000028 T realloc
00131ac8 0000001c T _fseek_r
00131ae4 00000034 T fseek
00131b18 00000028 T memalign
00131b40 0000082c T _malloc_r
0013236c 000000e8 T memchr
00132454 000001c0 t quorem
00132618 000013f0 T _dtoa_r
00133a08 000000a0 T _wcrtomb_r
00133aa8 00000114 T _malloc_trim_r
00133bbc 00000314 T _free_r
00133ed0 000000a0 T snprintf
00133f70 00000030 T strtok
00133fa0 000005e0 t get_arg
00134580 0000345c T _svfprintf_r
001379dc 00000034 T printf
00137a10 0000000c T atoi
00137a1c 00000384 t _strtol_l.part.0
00137da0 00000074 T strtol
00137e14 0000002c T rewind
00137e40 0000003c T strnlen
00137e7c 00000040 T malloc
00137ebc 00000020 T free
00137edc 0000022c T __sflush_r
00138108 000000c4 T _fflush_r
001381cc 00000130 t critical_factorization
001382fc 0000033c t two_way_long_needle
00138638 00000238 T strstr
00138870 000000e4 T memset
00138954 000004f0 T _realloc_r
00138e44 00000334 T _fread_r
00139178 00000038 T fread
001391b0 0000000c T __malloc_lock
001391bc 0000000c T __malloc_unlock
001391c8 000000b8 T fputc
00139280 00000004 W __call_exitprocs
00139284 00000030 T exit
001392b4 00000294 T setvbuf
00139548 000000bc T __strtok_r
00139604 00000134 T _fopen_r
00139738 00000028 T fopen
00139760 00000020 T close
00139780 000000d4 T strncpy
00139854 00000034 T ftell
00139888 0000012c T memcpy
001399b4 00000028 T _wcsrtombs_r
001399dc 00000070 T __match
00139a4c 000002a8 T __hexnan
00139cf4 00000140 T __swsetup_r
00139e38 00000010 T nan
00139e48 000004a4 T __sfvwrite_r
0013a2ec 00000044 T __sread
0013a330 00000068 T __swrite
0013a398 00000040 T __sseek
0013a3d8 00000008 T __sclose
0013a3e0 0000016c T memmove
0013a54c 0000009c T _raise_r
0013a5e8 00000020 T raise
0013a608 0000005c T __assert_func
0013a664 00000088 T _Balloc
0013a6ec 0000001c T _Bfree
0013a708 000000f4 T __multadd
0013a7fc 0000010c T __s2b
0013a908 00000080 T __hi0bits
0013a988 000000f0 T __lo0bits
0013aa78 000000a4 T __i2b
0013ab1c 00000230 T __multiply
0013ad4c 00000130 T __pow5mult
0013ae7c 00000138 T __lshift
0013afb4 00000058 T __mcmp
0013b00c 00000218 T __mdiff
0013b224 00000068 T __ulp
0013b28c 000000d4 T __b2d
0013b360 00000120 T __d2b
0013b480 00000078 T __ratio
0013b4f8 0000008c T __copybits
0013b584 0000005c T __any_on
0013b5e0 00000024 T __locale_mb_cur_max
0013b604 000000a4 T __ssprint_r
0013b6a8 0000003c T fiprintf
0013b6e4 0000016c T _memalign_r
0013b850 0000015c T _wcsnrtombs_l
0013b9ac 00000064 T _wcsnrtombs_r
0013ba10 000000fc T _putc_r
0013bb0c 00000340 T __utf8_mbtowc
0013be4c 00000588 T _fseeko_r
0013c3d4 00000030 T __sprint_r
0013c404 00000024 T _localeconv_r
0013c428 000000b8 T __sflags
0013c4e0 0000003c T __libc_fini_array
0013c51c 00000038 t lflush
0013c554 000001a8 T __srefill_r
0013c6fc 00000164 T __smakebuf_r
0013c860 00000090 T __swhatbuf_r
0013c8f0 0000012c T __ssputs_r
0013ca1c 000001c4 T _ftello_r
0013cbe0 000000f8 T __utf8_wctomb
0013ccd8 000005e0 t get_arg
0013d2b8 000022f8 T _vfiprintf_r
0013f5b0 000000b4 t __sbprintf
0013f664 00000124 T __swbuf_r
0013f788 00000020 T _exit
0013f7a8 00000140 T chdir
0013f8e8 000001c8 T _concatenate_path
0013fab0 0000009c T _fstat_r
0013fb4c 00000014 T _getpid_r
0013fb60 0000002c T __getreent
0013fb8c 000000a0 T __release_handle
0013fc2c 000000b0 T __alloc_handle
0013fcdc 00000058 T __get_handle
0013fd34 00000110 T _close_r
0013fe44 00000008 t null_write
0013fe4c 00000018 T setDefaultDevice
0013fe64 000000c4 T FindDevice
0013ff28 00000028 T RemoveDevice
0013ff50 00000098 T AddDevice
0013ffe8 00000020 T GetDeviceOpTab
00140008 00000008 T _isatty_r
00140010 00000014 T _kill_r
00140024 00000094 T _lseek_r
001400b8 00000068 T mkdir
00140120 000000c0 T _open_r
001401e0 00000094 T _read_r
00140274 00000078 W _sbrk_r
001402ec 0000001c T __libc_lock_acquire
00140308 0000001c T __libc_lock_release
00140324 0000001c T __libc_lock_acquire_recursive
00140340 0000001c T __libc_lock_release_recursive
0014035c 00000094 T _write_r
001403f0 00000018 t selfrel_offset31
00140408 00000090 t search_EIT_table
00140498 00000040 t __gnu_unwind_get_pr_addr
001404d8 00000110 t get_eit_entry
001405e8 00000088 t restore_non_core_regs
00140670 00000014 t _Unwind_decode_typeinfo_ptr.constprop.0
00140684 00000004 t _Unwind_DebugHook
00140688 00000064 t unwind_phase2
001406ec 0000013c t unwind_phase2_forced
00140828 000000a4 T __gnu_Unwind_RaiseException
001408cc 00000020 T __gnu_Unwind_ForcedUnwind
001408ec 00000074 T __gnu_Unwind_Resume
00140960 00000020 T __gnu_Unwind_Resume_or_Rethrow
00140980 00000064 T _Unwind_VRS_Get
001409e4 0000002c t _Unwind_GetGR
00140a10 00000064 T _Unwind_VRS_Set
00140a74 0000002c t _Unwind_SetGR
00140aa0 000000c0 T __gnu_Unwind_Backtrace
00140b60 0000040c t __gnu_unwind_pr_common
00140f6c 00000008 T __aeabi_unwind_cpp_pr0
00140f74 00000008 W __aeabi_unwind_cpp_pr1
00140f7c 00000008 W __aeabi_unwind_cpp_pr2
00140f84 00000458 T _Unwind_VRS_Pop
001413dc 00000064 t next_unwind_byte
00141440 00000464 T __gnu_unwind_execute
001418a4 00000048 T strrchr
001418ec T _fini
00143254 r .LC2
0014498c 00000008 r png_signature.1
00144994 0000000c r D50_nCIEXYZ
001449a8 00000011 r digits.1
001449bc 00000010 r png_digit
00144a3c 00000090 r row_mask.0
00144acc 00000048 r display_mask.1
00144b14 000000e0 r read_chunks
00144bf4 00000007 r png_pass_yinc
00144bfc 00000007 r png_pass_ystart
00144c04 00000007 r png_pass_inc
00144c0c 00000007 r png_pass_start
00144c1c 00000100 r fourbppswaptable
00144d1c 00000100 r twobppswaptable
00144e1c 00000100 r onebppswaptable
00144f1c 00001000 r crc_braid_table
00145f1c 00000400 r crc_table
0014631c 00000080 r distfix.0
0014639c 00000800 r lenfix.1
00146b9c 00000026 r order.2
00146bc4 00000040 r dext.0
00146c04 00000040 r dbase.1
00146c44 0000003e r lext.2
00146c84 0000003e r lbase.3
00146cc4 00000008 r s_defaultTint.0
00146ccc R render2d_shbin
00146e58 R render2d_shbin_end
00146e58 R render2d_shbin_size
00146e5c 00000004 r depthFmtSizes
00146e60 00000005 r colorFmtSizes
00146e68 00000010 r CSWTCH.11
00146e78 00000038 r CSWTCH.19
0014701c 00000080 r dotab_stdout
0014709c 00000018 r grayScale
001470b4 00000006 r colorCube
001470bc 00000030 r colorTable
00147114 00000008 r morton_y.2
0014711c 00000008 r morton_x.3
00147124 00000008 r s_sleepWakeEvents.4
0014712c 0000000c r serviceNameTable.5
00147138 00000014 r swkbdFeatures
0014714c R default_font_bin
0014794c 0000004d r _net_error_code_map
0014794c R default_font_bin_end
0014799c 00000030 r error_table
001479cc 00000080 r archive_devoptab
00147a4c 00000060 R __inv_pio4
00147ab0 000000e0 R __sincosf_table
00147b90 00000870 R __exp_data
00148400 00001048 R __pow_log_data
00149448 00000080 r npio2_hw
001494c8 00000108 r two_over_pi
001495d0 00000040 r PIo2
00149610 00000010 r init_jk
00149620 00001090 R __log_data
0014a714 00000014 r fpinan.0
0014a728 00000014 r fpi.1
0014a740 00000028 r tinytens
0014a768 00000100 R __hexdig
0014a990 00000010 r zeroes.0
0014a9a0 00000010 r blanks.1
0014aaa4 00000010 r zeroes.0
0014aab4 00000010 r blanks.1
0014aac4 00000101 R _ctype_
0014abc8 0000006c R __action_table
0014ac34 0000006c R __state_table
0014aca0 00000100 R __chclass
0014ada0 0000000c r p05.0
0014adb0 00000028 R __mprec_bigtens
0014add8 000000c8 R __mprec_tens
0014af8c 00000010 r zeroes.0
0014af9c 00000010 r blanks.1
0014afac 00000080 R dotab_stdnull
0014b044 R __tdata_align
0014b048 r __EH_FRAME_BEGIN__
0014b048 R __exidx_start
0014b0d8 R __exidx_end
0014c000 00000004 d gps_socket
0014c004 00000001 d disk_cache_enabled
0014c008 00000008 d framerateCounter
0014c010 00000004 d framerate
0014c014 00000001 d firstConsoleInit.0
0014c018 00000004 D currentConsole
0014c01c 00000048 D defaultConsole
0014c064 00000004 d queueLock
0014c068 00000004 d aptChainloadDeliverArgSize
0014c06c 00000004 d kCount
0014c070 00000004 d kInterval
0014c074 00000004 d kDelay
0014c078 00000080 d soc_devoptab
0014c0f8 W __stacksize__
0014c0fc 0000000c D __sglue
0014c108 00000004 D __malloc_sbrk_base
0014c10c 00000004 D __malloc_trim_threshold
0014c110 00000408 D __malloc_av_
0014c518 00000004 D _impure_ptr
0014c520 00000140 D _impure_data
0014c660 0000016c D __global_locale
0014c7cc 00000400 d _current_working_directory
0014cbd0 00001000 d handles
0014dbd0 0000000c d __stderr_handle
0014dbdc 0000000c d __stdout_handle
0014dbe8 0000000c d __stdin_handle
0014dbf4 0000008c D devoptab_list
0014dc80 00000004 d defaultDevice
0014dc8c d _GLOBAL_OFFSET_TABLE_
0014dc98 d __frame_dummy_init_array_entry
0014dc98 D __init_array_start
0014dc98 B __preinit_array_end
0014dc98 B __preinit_array_start
0014dc98 D __tdata_lma
0014dc98 D __tdata_lma_end
0014dc9c d __do_global_dtors_aux_fini_array_entry
0014dc9c D __fini_array_start
0014dc9c D __init_array_end
0014dca0 D __bss_start__
0014dca0 D __fini_array_end
0014dca0 00000001 b gps_initialized
0014dca1 00000001 b soc_initialized
0014dca4 00000004 b soc_buffer
0014dca8 00000004 b buffer_pos
0014dcac 00000001 b has_fix
0014dcb0 00000200 b nmea_buffer
0014deb0 00000008 b current_lat
0014deb8 00000008 b current_lon
0014dec0 00000001 b g_should_exit
0014dec8 00000030 b map_state
0014def8 00000004 b top_screen
0014defc 00000004 b frame_count.0
0014df00 00000004 b frame_counter.2
0014df04 00000001 b initialized
0014df08 00000700 b tile_cache
0014e608 00000004 b debug_counter.0
0014e60c 00000004 b cache_counter
0014e610 00000001 b network_initialized
0014e611 00000001 b tile_cache_dirs_ready
0014e614 00004000 b file_buf.0
00152614 b completed.1
00152618 b object.0
00152630 000005a8 B __C2Di_Context
00152bd8 00000040 b s_projBot
00152c18 00000040 b s_projTop
00152c58 00000004 b uLoc_mdlvMtx
00152c5c 00000004 b uLoc_projMtx
00152c60 0000000c b hookCookie
00152c70 000002d0 B __C3D_Context
00152f40 00000004 b frameEndCbData
00152f44 00000004 b frameEndCb
00152f48 00000008 b frameCounter
00152f50 00000001 b isTopStereo
00152f51 00000001 b needSwapBot
00152f52 00000001 b needSwapTop
00152f53 00000001 b measureGpuTime
00152f54 00000001 b inSafeTransfer
00152f55 00000001 b inFrame
00152f58 00000010 b cpuTime
00152f68 00000010 b gpuTime
00152f78 0000000c b linkedTarget
00152f84 00000004 b lastTarget
00152f88 00000004 b firstTarget
00152f8c 00000008 b C3Di_IVUnifEverDirty
00152f94 000000c0 b C3Di_FVUnifEverDirty
00153054 00000018 b C3Di_ShaderFVecData
0015306c 00000002 B C3D_BoolUnifsDirty
00153070 00000008 B C3D_IVUnifDirty
00153078 000000c0 B C3D_FVUnifDirty
00153138 00000004 B C3D_BoolUnifs
0015313c 00000020 B C3D_IVUnif
0015315c 00000c00 B C3D_FVUnif
00153d60 00000008 b sLinearPool
00153d68 0000000c b sAddrMap
00153d78 00000008 b sVramPoolB
00153d80 00000008 b sVramPoolA
00153d88 0000000c b sAddrMap
00153d94 00000064 b escapeSeq
00153df8 00000048 B currentCopy
00153e40 00000004 b screenAlloc
00153e44 00000004 b screenFree
00153e48 00000002 b gfxIsDoubleBuf
00153e4c 00000002 b gfxCurBuf
00153e4e 00000001 b gfxIsVram
00153e4f 00000001 b gfxTopMode
00153e50 00000002 b gfxFramebufferFormats
00153e54 00000004 b gfxBottomFramebufferMaxSize
00153e58 00000004 b gfxTopFramebufferMaxSize
00153e60 00000008 b gfxBottomFramebuffers
00153e68 00000008 b gfxTopFramebuffers
00153e70 00000001 V __ctru_speedup
00153e74 00000004 B gpuCmdBufOffset
00153e78 00000004 B gpuCmdBufSize
00153e7c 00000004 B gpuCmdBuf
00153e80 00000004 b boundQueue
00153e84 00000001 b shouldStop
00153e85 00000001 b isRunning
00153e86 00000001 b isActive
00153e88 00000004 b curQueue
00153e8c 00000004 b acRefCount
00153e90 00000004 b acHandle
00153e94 00000001 b flagValue.0
00153e95 00000001 b flagInit.1
00153e98 00000004 b serviceName.6
00153e9c 00000001 b aptChainloadFlags
00153e9d 00000001 b aptChainloadMediatype
00153ea0 00000020 b aptChainloadHmac
00153ec0 00000300 b aptChainloadDeliverArg
001541c0 00000008 b aptChainloadTid
001541c8 00001000 b aptParameters
001551c8 00000004 b aptFlags
001551cc 00000001 b aptHomeButtonState
001551d0 00000004 b aptMessageFuncData
001551d4 00000004 b aptMessageFunc
001551d8 0000000c b aptFirstHook
001551e4 00000001 b aptEventHandlerThreadQuit
001551e8 00000004 b aptEventHandlerThread
001551ec 00000008 b aptSleepEvent
001551f4 00000008 b aptReceiveEvent
001551fc 00000008 b aptEvents
00155204 00000004 b aptLockHandle
00155208 00000004 b aptRefCount
0015520c 00000004 b cfguRefCount
00155210 00000004 b cfguHandle
00155214 00000007 b gspEventCbOneShot
0015521c 0000001c b gspEventCbData
00155238 0000001c b gspEventCb
00155254 00000038 b gspEvents
0015528c 00000004 b gspLastEvent
00155290 00000001 b gspRunEvents
00155294 00000004 b gspEventThread
00155298 00000004 b gspEvent
0015529c 00000001 b gspGpuRight
0015529d 00000001 b gspThreadId
001552a0 00000004 b gspSharedMem
001552a4 00000004 b gspSharedMemHandle
001552a8 00000004 b gspRefCount
001552ac 00000004 b gspGpuHandle
001552b0 00000001 b usingIrrst
001552b4 00000004 b hidRefCount
001552b8 00000006 b gRate
001552c0 00000006 b aVec
001552c8 00000004 b cPos
001552cc 00000004 b tPos
001552d0 00000004 b kRepeat
001552d4 00000004 b kUp
001552d8 00000004 b kDown
001552dc 00000004 b kHeld
001552e0 00000004 b kOld
001552e4 00000004 B hidSharedMem
001552e8 00000014 B hidEvents
001552fc 00000004 B hidMemHandle
00155300 00000004 B hidHandle
00155304 00000004 b __httpc_sharedmem_handle
00155308 00000004 b __httpc_sharedmem_size
0015530c 00000004 B __httpc_sharedmem_addr
00155310 00000004 b __httpc_refcount
00155314 00000004 B __httpc_servhandle
00155318 00000004 b irrstRefCount
0015531c 00000004 b csPos
00155320 00000004 b kHeld
00155324 00000004 B irrstSharedMem
00155328 00000004 B irrstEvent
0015532c 00000004 B irrstMemHandle
00155330 00000004 B irrstHandle
00155334 00000004 b ptmSysmRefCount
00155338 00000004 b ptmSysmHandle
0015533c 00000004 b swkbdSharedMemHandle
00155340 00000004 b swkbdSharedMem
00155344 00000004 V __ctru_linear_heap_size
00155348 00000004 V __ctru_heap_size
0015534c 00000004 B __ctru_linear_heap
00155350 00000004 B __ctru_heap
00155354 00000004 B __system_retAddr
00155358 00000004 B __system_argv
0015535c 00000004 B __system_argc
00155360 b saved_stack
00155368 00000004 B __3dslink_host
0015536c 00000004 b srvRefCount
00155370 00000004 b srvHandle
00155374 00000004 b arbiter
00155378 00000004 b currentAddr
0015537c 00000004 b maxAddr
00155380 00000004 b minAddr
00155384 00000004 b srvPmHandle
00155388 00000004 B socMemhandle
0015538c 00000004 B SOCU_handle
00155390 000005c0 b archive_devices
00155950 00000004 b archive_device_cwd
00155954 00000001 b archive_initialized
00155958 00000080 b fsExemptArchives
001559d8 00000004 b fsuRefCount
001559dc 00000004 b fsuHandle
001559e0 0000000c b __sfp_recursive_mutex
001559f0 00000168 B __sf
00155b58 00000004 B __stdio_exit_handler
00155b5c 00000028 B __malloc_current_mallinfo
00155b84 00000004 B __malloc_max_total_mem
00155b88 00000004 B __malloc_max_sbrked_mem
00155b8c 00000004 B __malloc_top_pad
00155b90 0000000c b __malloc_recursive_mutex
00155b9c 00000400 b temp_cwd
00155f9c 00000004 b __hndl_lock
00155fa0 00000004 B fake_heap_start
00155fa4 00000004 B fake_heap_end
00155fa8 00000004 b heap_start.0
00155fac B __tls_start
00156bb4 B __bss_end__
00156bb4 A __end__
00156bb4 B __tls_end
